TN:
SF:src\app.ts
FN:21,(anonymous_1)
FN:42,(anonymous_2)
FNF:2
FNH:2
FNDA:2,(anonymous_1)
FNDA:1,(anonymous_2)
DA:1,5
DA:2,5
DA:3,5
DA:4,5
DA:5,5
DA:6,5
DA:7,5
DA:8,5
DA:9,5
DA:10,5
DA:12,5
DA:14,5
DA:15,5
DA:18,5
DA:21,5
DA:22,2
DA:23,2
DA:24,1
DA:25,1
DA:26,1
DA:28,2
DA:32,5
DA:35,5
DA:38,5
DA:39,5
DA:42,5
DA:43,1
DA:47,5
DA:49,5
LF:29
LH:29
BRDA:23,0,0,1
BRDA:23,0,1,1
BRDA:25,1,0,1
BRDA:25,1,1,0
BRF:4
BRH:3
end_of_record
TN:
SF:src\config\db.ts
FNF:0
FNH:0
DA:1,1
DA:3,1
DA:5,1
LF:3
LH:3
BRF:0
BRH:0
end_of_record
TN:
SF:src\controllers\auth.controller.ts
FN:11,(anonymous_1)
FN:29,(anonymous_2)
FN:81,(anonymous_3)
FN:132,(anonymous_4)
FNF:4
FNH:3
FNDA:2,(anonymous_1)
FNDA:1,(anonymous_2)
FNDA:2,(anonymous_3)
FNDA:0,(anonymous_4)
DA:2,5
DA:3,5
DA:4,5
DA:5,5
DA:7,5
DA:12,2
DA:13,2
DA:15,2
DA:16,0
DA:20,2
DA:24,2
DA:25,1
DA:29,1
DA:30,1
DA:34,1
DA:36,1
DA:45,1
DA:49,1
DA:56,1
DA:57,1
DA:59,1
DA:74,1
DA:82,2
DA:83,2
DA:85,2
DA:90,2
DA:91,1
DA:94,1
DA:95,1
DA:96,0
DA:100,1
DA:107,1
DA:108,1
DA:110,1
DA:125,1
DA:133,0
DA:134,0
DA:136,0
DA:137,0
DA:141,0
DA:142,0
DA:146,0
DA:150,0
DA:154,0
DA:155,0
DA:159,0
DA:166,0
DA:167,0
DA:169,0
DA:174,0
LF:50
LH:33
BRDA:15,0,0,0
BRDA:15,0,1,2
BRDA:24,1,0,1
BRDA:24,1,1,1
BRDA:90,2,0,1
BRDA:90,2,1,1
BRDA:95,3,0,0
BRDA:95,3,1,1
BRDA:136,4,0,0
BRDA:136,4,1,0
BRDA:154,5,0,0
BRDA:154,5,1,0
BRF:12
BRH:6
end_of_record
TN:
SF:src\controllers\job.controller.ts
FN:14,(anonymous_1)
FN:93,(anonymous_2)
FN:154,(anonymous_3)
FN:177,(anonymous_4)
FN:196,(anonymous_5)
FN:206,(anonymous_6)
FN:251,(anonymous_7)
FN:332,(anonymous_8)
FN:430,(anonymous_9)
FN:453,(anonymous_10)
FN:490,(anonymous_11)
FN:539,(anonymous_12)
FNF:12
FNH:8
FNDA:2,(anonymous_1)
FNDA:1,(anonymous_2)
FNDA:0,(anonymous_3)
FNDA:0,(anonymous_4)
FNDA:0,(anonymous_5)
FNDA:0,(anonymous_6)
FNDA:1,(anonymous_7)
FNDA:1,(anonymous_8)
FNDA:1,(anonymous_9)
FNDA:1,(anonymous_10)
FNDA:1,(anonymous_11)
FNDA:1,(anonymous_12)
DA:2,5
DA:3,5
DA:4,5
DA:6,5
DA:7,5
DA:8,5
DA:10,5
DA:19,2
DA:20,2
DA:21,2
DA:22,2
DA:25,2
DA:28,2
DA:29,0
DA:33,2
DA:36,2
DA:37,0
DA:40,2
DA:41,2
DA:42,0
DA:46,2
DA:47,2
DA:50,2
DA:51,0
DA:58,0
DA:59,0
DA:65,2
DA:79,2
DA:84,2
DA:86,0
DA:98,1
DA:99,1
DA:100,1
DA:101,1
DA:104,1
DA:107,1
DA:108,0
DA:112,1
DA:115,1
DA:116,0
DA:121,1
DA:122,1
DA:123,1
DA:125,0
DA:128,1
DA:140,1
DA:145,1
DA:147,0
DA:159,0
DA:160,0
DA:161,0
DA:162,0
DA:164,0
DA:165,0
DA:169,0
DA:172,0
DA:173,0
DA:177,0
DA:178,0
DA:186,0
DA:187,0
DA:193,0
DA:196,0
DA:197,0
DA:207,0
DA:208,0
DA:209,0
DA:211,0
DA:228,0
DA:237,0
DA:244,0
DA:256,1
DA:257,1
DA:258,1
DA:260,1
DA:261,1
DA:262,1
DA:264,1
DA:267,1
DA:270,1
DA:271,0
DA:275,1
DA:280,1
DA:281,1
DA:283,1
DA:284,0
DA:286,1
DA:287,0
DA:289,1
DA:290,0
DA:297,1
DA:298,1
DA:300,1
DA:317,1
DA:325,0
DA:337,1
DA:338,1
DA:339,1
DA:341,1
DA:358,1
DA:359,0
DA:363,1
DA:364,1
DA:365,1
DA:376,1
DA:384,1
DA:385,2
DA:386,2
DA:387,1
DA:388,1
DA:389,0
DA:390,1
DA:391,1
DA:393,0
DA:396,1
DA:400,1
DA:421,1
DA:423,0
DA:435,1
DA:436,1
DA:437,1
DA:439,1
DA:444,1
DA:445,0
DA:448,1
DA:449,0
DA:453,1
DA:455,1
DA:460,1
DA:473,1
DA:478,1
DA:483,0
DA:495,1
DA:496,1
DA:497,1
DA:499,1
DA:504,1
DA:505,0
DA:508,1
DA:509,0
DA:512,1
DA:522,1
DA:527,1
DA:532,0
DA:544,1
DA:545,1
DA:546,1
DA:548,1
DA:553,1
DA:554,0
DA:557,1
DA:566,1
DA:571,1
DA:576,0
LF:154
LH:103
BRDA:28,0,0,0
BRDA:28,0,1,2
BRDA:36,1,0,0
BRDA:36,1,1,2
BRDA:40,2,0,1
BRDA:40,2,1,1
BRDA:41,3,0,0
BRDA:41,3,1,2
BRDA:47,4,0,1
BRDA:47,4,1,1
BRDA:50,5,0,0
BRDA:50,5,1,2
BRDA:50,6,0,2
BRDA:50,6,1,0
BRDA:50,6,2,0
BRDA:58,7,0,0
BRDA:58,7,1,0
BRDA:70,8,0,2
BRDA:70,8,1,2
BRDA:73,9,0,0
BRDA:73,9,1,2
BRDA:74,10,0,2
BRDA:74,10,1,2
BRDA:107,11,0,0
BRDA:107,11,1,1
BRDA:115,12,0,0
BRDA:115,12,1,1
BRDA:134,13,0,1
BRDA:134,13,1,1
BRDA:164,14,0,0
BRDA:164,14,1,0
BRDA:164,15,0,0
BRDA:164,15,1,0
BRDA:164,15,2,0
BRDA:172,16,0,0
BRDA:172,16,1,0
BRDA:186,17,0,0
BRDA:186,17,1,0
BRDA:207,18,0,0
BRDA:207,18,1,0
BRDA:209,19,0,0
BRDA:209,19,1,0
BRDA:216,20,0,0
BRDA:216,20,1,0
BRDA:219,21,0,0
BRDA:219,21,1,0
BRDA:260,22,0,1
BRDA:260,22,1,1
BRDA:261,23,0,1
BRDA:261,23,1,1
BRDA:270,24,0,0
BRDA:270,24,1,1
BRDA:280,25,0,1
BRDA:280,25,1,0
BRDA:283,26,0,0
BRDA:283,26,1,1
BRDA:286,27,0,0
BRDA:286,27,1,1
BRDA:289,28,0,0
BRDA:289,28,1,1
BRDA:289,29,0,1
BRDA:289,29,1,0
BRDA:297,30,0,1
BRDA:297,30,1,1
BRDA:298,31,0,1
BRDA:298,31,1,1
BRDA:358,32,0,0
BRDA:358,32,1,1
BRDA:358,33,0,1
BRDA:358,33,1,1
BRDA:358,33,2,1
BRDA:364,34,0,1
BRDA:364,34,1,0
BRDA:386,35,0,1
BRDA:386,35,1,1
BRDA:388,36,0,0
BRDA:388,36,1,1
BRDA:390,37,0,1
BRDA:390,37,1,0
BRDA:444,38,0,0
BRDA:444,38,1,1
BRDA:444,39,0,1
BRDA:444,39,1,1
BRDA:444,39,2,1
BRDA:448,40,0,0
BRDA:448,40,1,1
BRDA:448,41,0,1
BRDA:448,41,1,0
BRDA:504,42,0,0
BRDA:504,42,1,1
BRDA:504,43,0,1
BRDA:504,43,1,1
BRDA:504,43,2,1
BRDA:508,44,0,0
BRDA:508,44,1,1
BRDA:508,45,0,1
BRDA:508,45,1,0
BRDA:553,46,0,0
BRDA:553,46,1,1
BRDA:553,47,0,1
BRDA:553,47,1,1
BRDA:553,47,2,1
BRF:102
BRH:57
end_of_record
TN:
SF:src\controllers\project.controller.ts
FN:10,(anonymous_1)
FN:42,(anonymous_2)
FN:78,(anonymous_3)
FN:116,(anonymous_4)
FN:167,(anonymous_5)
FN:192,(anonymous_6)
FNF:6
FNH:6
FNDA:1,(anonymous_1)
FNDA:2,(anonymous_2)
FNDA:2,(anonymous_3)
FNDA:1,(anonymous_4)
FNDA:1,(anonymous_5)
FNDA:1,(anonymous_6)
DA:2,5
DA:4,5
DA:6,5
DA:15,1
DA:16,1
DA:18,1
DA:33,1
DA:35,0
DA:47,2
DA:48,2
DA:49,2
DA:51,2
DA:65,2
DA:66,1
DA:69,1
DA:71,1
DA:83,2
DA:84,2
DA:85,2
DA:88,2
DA:96,2
DA:97,1
DA:100,1
DA:107,1
DA:109,1
DA:121,1
DA:122,1
DA:123,1
DA:124,1
DA:127,1
DA:135,1
DA:136,0
DA:140,1
DA:149,1
DA:150,0
DA:153,1
DA:158,1
DA:160,0
DA:172,1
DA:173,1
DA:174,1
DA:177,1
DA:185,1
DA:186,0
DA:189,1
DA:192,1
DA:194,1
DA:203,1
DA:212,1
DA:221,1
DA:230,1
DA:235,0
LF:52
LH:46
BRDA:65,0,0,1
BRDA:65,0,1,1
BRDA:96,1,0,1
BRDA:96,1,1,1
BRDA:135,2,0,0
BRDA:135,2,1,1
BRDA:149,3,0,0
BRDA:149,3,1,1
BRDA:185,4,0,0
BRDA:185,4,1,1
BRF:10
BRH:7
end_of_record
TN:
SF:src\controllers\queue.controller.ts
FN:12,(anonymous_1)
FN:61,(anonymous_2)
FN:71,(anonymous_3)
FN:94,(anonymous_4)
FN:173,(anonymous_5)
FN:287,(anonymous_6)
FN:364,(anonymous_7)
FN:406,(anonymous_8)
FN:448,(anonymous_9)
FN:473,(anonymous_10)
FNF:10
FNH:10
FNDA:1,(anonymous_1)
FNDA:1,(anonymous_2)
FNDA:1,(anonymous_3)
FNDA:1,(anonymous_4)
FNDA:1,(anonymous_5)
FNDA:1,(anonymous_6)
FNDA:1,(anonymous_7)
FNDA:1,(anonymous_8)
FNDA:1,(anonymous_9)
FNDA:1,(anonymous_10)
DA:2,5
DA:4,5
DA:5,5
DA:6,5
DA:8,5
DA:17,1
DA:18,1
DA:19,1
DA:22,1
DA:30,1
DA:31,0
DA:35,1
DA:49,1
DA:61,1
DA:62,1
DA:71,1
DA:72,1
DA:73,1
DA:74,1
DA:75,1
DA:79,1
DA:85,1
DA:87,0
DA:99,1
DA:100,1
DA:101,1
DA:104,1
DA:115,1
DA:116,0
DA:120,1
DA:131,1
DA:140,1
DA:141,0
DA:142,0
DA:143,0
DA:148,1
DA:161,1
DA:166,0
DA:178,1
DA:179,1
DA:189,1
DA:190,1
DA:193,1
DA:201,1
DA:202,0
DA:206,1
DA:214,1
DA:215,0
DA:219,1
DA:220,1
DA:221,1
DA:222,1
DA:223,1
DA:224,1
DA:227,1
DA:237,1
DA:238,1
DA:239,1
DA:249,1
DA:252,0
DA:255,0
DA:256,0
DA:260,1
DA:273,1
DA:278,1
DA:280,0
DA:292,1
DA:293,1
DA:294,1
DA:295,1
DA:298,1
DA:308,1
DA:309,0
DA:313,1
DA:314,0
DA:322,0
DA:323,0
DA:328,1
DA:329,0
DA:332,0
DA:333,0
DA:337,1
DA:350,1
DA:355,1
DA:357,0
DA:369,1
DA:370,1
DA:371,1
DA:373,1
DA:383,1
DA:384,0
DA:387,1
DA:392,1
DA:397,1
DA:399,0
DA:411,1
DA:412,1
DA:413,1
DA:415,1
DA:425,1
DA:426,0
DA:429,1
DA:434,1
DA:439,1
DA:441,0
DA:453,1
DA:454,1
DA:455,1
DA:457,1
DA:467,1
DA:468,0
DA:471,1
DA:473,1
DA:475,1
DA:484,1
DA:493,1
DA:502,1
DA:507,1
DA:512,0
LF:119
LH:92
BRDA:30,0,0,0
BRDA:30,0,1,1
BRDA:74,1,0,1
BRDA:74,1,1,0
BRDA:115,2,0,0
BRDA:115,2,1,1
BRDA:115,3,0,1
BRDA:115,3,1,1
BRDA:115,3,2,1
BRDA:142,4,0,0
BRDA:142,4,1,0
BRDA:201,5,0,0
BRDA:201,5,1,1
BRDA:214,6,0,0
BRDA:214,6,1,1
BRDA:220,7,0,1
BRDA:220,7,1,0
BRDA:221,8,0,1
BRDA:221,8,1,0
BRDA:222,9,0,1
BRDA:222,9,1,0
BRDA:223,10,0,1
BRDA:223,10,1,0
BRDA:224,11,0,1
BRDA:224,11,1,0
BRDA:237,12,0,1
BRDA:237,12,1,0
BRDA:255,13,0,0
BRDA:255,13,1,0
BRDA:264,14,0,1
BRDA:264,14,1,0
BRDA:265,15,0,1
BRDA:265,15,1,0
BRDA:308,16,0,0
BRDA:308,16,1,1
BRDA:308,17,0,1
BRDA:308,17,1,1
BRDA:308,17,2,1
BRDA:313,18,0,0
BRDA:313,18,1,1
BRDA:313,19,0,1
BRDA:313,19,1,0
BRDA:322,20,0,0
BRDA:322,20,1,0
BRDA:328,21,0,0
BRDA:328,21,1,1
BRDA:332,22,0,0
BRDA:332,22,1,0
BRDA:340,23,0,0
BRDA:340,23,1,1
BRDA:341,24,0,0
BRDA:341,24,1,1
BRDA:342,25,0,1
BRDA:342,25,1,0
BRDA:343,26,0,0
BRDA:343,26,1,1
BRDA:383,27,0,0
BRDA:383,27,1,1
BRDA:383,28,0,1
BRDA:383,28,1,1
BRDA:383,28,2,1
BRDA:425,29,0,0
BRDA:425,29,1,1
BRDA:425,30,0,1
BRDA:425,30,1,1
BRDA:425,30,2,1
BRDA:467,31,0,0
BRDA:467,31,1,1
BRDA:467,32,0,1
BRDA:467,32,1,1
BRDA:467,32,2,1
BRF:71
BRH:39
end_of_record
TN:
SF:src\middleware\auth.middleware.ts
FN:9,authenticate
FN:34,requireRole
FN:35,(anonymous_2)
FN:50,checkTenant
FN:54,(anonymous_4)
FNF:5
FNH:5
FNDA:43,authenticate
FNDA:1,requireRole
FNDA:2,(anonymous_2)
FNDA:2,checkTenant
FNDA:3,(anonymous_4)
DA:2,6
DA:3,6
DA:9,6
DA:14,43
DA:15,43
DA:16,43
DA:17,1
DA:20,42
DA:21,42
DA:24,41
DA:25,41
DA:27,2
DA:34,6
DA:35,1
DA:36,2
DA:37,2
DA:38,1
DA:40,1
DA:42,1
DA:50,6
DA:54,2
DA:55,3
DA:56,3
DA:57,3
DA:59,3
DA:60,1
DA:63,2
DA:64,1
DA:67,1
DA:69,2
LF:30
LH:30
BRDA:16,0,0,1
BRDA:16,0,1,42
BRDA:16,1,0,43
BRDA:16,1,1,42
BRDA:37,2,0,1
BRDA:37,2,1,1
BRDA:37,3,0,2
BRDA:37,3,1,2
BRDA:52,4,0,0
BRDA:57,5,0,3
BRDA:57,5,1,0
BRDA:59,6,0,1
BRDA:59,6,1,2
BRDA:63,7,0,1
BRDA:63,7,1,1
BRF:15
BRH:13
end_of_record
TN:
SF:src\middleware\error.middleware.ts
FN:4,(anonymous_0)
FN:15,(anonymous_1)
FN:21,(anonymous_2)
FN:27,(anonymous_3)
FN:33,(anonymous_4)
FN:38,errorHandler
FNF:6
FNH:6
FNDA:11,(anonymous_0)
FNDA:3,(anonymous_1)
FNDA:4,(anonymous_2)
FNDA:3,(anonymous_3)
FNDA:1,(anonymous_4)
FNDA:10,errorHandler
DA:3,6
DA:5,11
DA:7,11
DA:9,11
DA:10,11
DA:14,6
DA:16,3
DA:20,6
DA:22,4
DA:26,6
DA:28,3
DA:32,6
DA:34,1
DA:38,6
DA:39,10
DA:40,10
DA:41,10
DA:44,10
DA:46,0
DA:49,10
LF:20
LH:19
BRDA:15,0,0,0
BRDA:21,1,0,0
BRDA:27,2,0,0
BRDA:33,3,0,0
BRDA:39,4,0,10
BRDA:39,4,1,0
BRDA:40,5,0,10
BRDA:40,5,1,0
BRDA:41,6,0,10
BRDA:41,6,1,0
BRDA:44,7,0,0
BRDA:44,7,1,10
BRDA:53,8,0,0
BRDA:53,8,1,10
BRF:14
BRH:5
end_of_record
TN:
SF:src\middleware\validation.middleware.ts
FN:10,validate
FN:15,(anonymous_1)
FN:16,(anonymous_2)
FNF:3
FNH:3
FNDA:76,validate
FNDA:26,(anonymous_1)
FNDA:76,(anonymous_2)
DA:2,6
DA:10,6
DA:15,76
DA:16,26
DA:21,76
DA:22,33
DA:23,66
DA:24,66
DA:25,1
DA:29,65
DA:30,49
DA:31,4
DA:32,0
DA:34,4
DA:35,4
DA:36,0
DA:38,45
DA:39,0
DA:45,26
DA:46,26
DA:47,25
DA:48,25
DA:49,25
DA:51,1
LF:24
LH:21
BRDA:19,0,0,0
BRDA:21,1,0,43
BRDA:21,1,1,33
BRDA:24,2,0,1
BRDA:24,2,1,65
BRDA:24,3,0,66
BRDA:24,3,1,41
BRDA:24,3,2,40
BRDA:24,3,3,40
BRDA:29,4,0,49
BRDA:29,4,1,16
BRDA:29,5,0,65
BRDA:29,5,1,49
BRDA:29,5,2,49
BRDA:30,6,0,4
BRDA:30,6,1,45
BRDA:31,7,0,0
BRDA:31,7,1,4
BRDA:35,8,0,0
BRDA:35,8,1,4
BRDA:38,9,0,0
BRDA:38,9,1,45
BRF:22
BRH:18
end_of_record
TN:
SF:src\routes\auth.routes.ts
FNF:0
FNH:0
DA:1,5
DA:2,5
DA:3,5
DA:5,5
DA:8,5
DA:16,5
DA:23,5
DA:28,5
DA:29,5
DA:30,5
DA:32,5
LF:11
LH:11
BRF:0
BRH:0
end_of_record
TN:
SF:src\routes\job.routes.ts
FNF:0
FNH:0
DA:1,5
DA:2,5
DA:3,5
DA:4,5
DA:6,5
DA:9,5
DA:12,5
DA:23,5
DA:32,5
DA:37,5
DA:51,5
DA:56,5
DA:61,5
DA:66,5
DA:71,5
DA:78,5
DA:83,5
DA:88,5
DA:93,5
DA:99,5
LF:20
LH:20
BRF:0
BRH:0
end_of_record
TN:
SF:src\routes\project.routes.ts
FNF:0
FNH:0
DA:1,5
DA:2,5
DA:3,5
DA:4,5
DA:6,5
DA:9,5
DA:12,5
DA:16,5
DA:21,5
DA:26,5
DA:27,5
DA:28,5
DA:29,5
DA:30,5
DA:32,5
LF:15
LH:15
BRF:0
BRH:0
end_of_record
TN:
SF:src\routes\queue.routes.ts
FNF:0
FNH:0
DA:1,5
DA:2,5
DA:3,5
DA:4,5
DA:6,5
DA:9,5
DA:12,5
DA:26,5
DA:30,5
DA:34,5
DA:45,5
DA:50,5
DA:57,5
DA:58,5
DA:63,5
DA:68,5
DA:73,5
DA:79,5
LF:18
LH:18
BRF:0
BRH:0
end_of_record
TN:
SF:src\services\retry.service.ts
FN:10,(anonymous_0)
FNF:1
FNH:1
FNDA:8,(anonymous_0)
DA:1,1
DA:3,1
DA:11,8
DA:12,8
DA:14,8
DA:18,3
DA:23,3
DA:29,2
LF:8
LH:8
BRDA:12,0,0,8
BRDA:12,0,1,0
BRDA:14,1,0,3
BRDA:14,1,1,3
BRDA:14,1,2,2
BRDA:14,1,3,2
BRF:6
BRH:5
end_of_record
TN:
SF:src\services\token.service.ts
FN:18,(anonymous_1)
FN:25,(anonymous_2)
FN:36,(anonymous_3)
FNF:3
FNH:3
FNDA:7,(anonymous_1)
FNDA:2,(anonymous_2)
FNDA:42,(anonymous_3)
DA:1,6
DA:3,6
DA:4,6
DA:5,6
DA:14,6
DA:19,7
DA:26,2
DA:37,42
LF:8
LH:8
BRDA:3,0,0,6
BRDA:3,0,1,5
BRF:2
BRH:2
end_of_record
